2022-01-30 13:50:10  [ Keyed Aggregation -> (Sink: Print to Std. Out, Sink: Unnamed) (1/1)#0:9118 ] - [ ERROR ]  
Redis has not been properly initialized: 
redis.clients.jedis.exceptions.JedisConnectionException: Could not get a resource from the pool
	at redis.clients.util.Pool.getResource(Pool.java:50)
	at redis.clients.jedis.JedisPool.getResource(JedisPool.java:99)
	at org.apache.flink.streaming.connectors.redis.common.container.RedisContainer.getInstance(RedisContainer.java:250)
	at org.apache.flink.streaming.connectors.redis.common.container.RedisContainer.open(RedisContainer.java:85)
	at org.apache.flink.streaming.connectors.redis.RedisSink.open(RedisSink.java:174)
	at org.apache.flink.api.common.functions.util.FunctionUtils.openFunction(FunctionUtils.java:34)
	at org.apache.flink.streaming.api.operators.AbstractUdfStreamOperator.open(AbstractUdfStreamOperator.java:100)
	at org.apache.flink.streaming.api.operators.StreamSink.open(StreamSink.java:46)
	at org.apache.flink.streaming.runtime.tasks.RegularOperatorChain.initializeStateAndOpenOperators(RegularOperatorChain.java:110)
	at org.apache.flink.streaming.runtime.tasks.StreamTask.restoreGates(StreamTask.java:711)
	at org.apache.flink.streaming.runtime.tasks.StreamTaskActionExecutor$1.call(StreamTaskActionExecutor.java:55)
	at org.apache.flink.streaming.runtime.tasks.StreamTask.restoreInternal(StreamTask.java:687)
	at org.apache.flink.streaming.runtime.tasks.StreamTask.restore(StreamTask.java:654)
	at org.apache.flink.runtime.taskmanager.Task.runWithSystemExitMonitoring(Task.java:958)
	at org.apache.flink.runtime.taskmanager.Task.restoreAndInvoke(Task.java:927)
	at org.apache.flink.runtime.taskmanager.Task.doRun(Task.java:766)
	at org.apache.flink.runtime.taskmanager.Task.run(Task.java:575)
	at java.lang.Thread.run(Thread.java:745)
Caused by: redis.clients.jedis.exceptions.JedisConnectionException: java.net.SocketTimeoutException: connect timed out
	at redis.clients.jedis.Connection.connect(Connection.java:164)
	at redis.clients.jedis.BinaryClient.connect(BinaryClient.java:80)
	at redis.clients.jedis.BinaryJedis.connect(BinaryJedis.java:1676)
	at redis.clients.jedis.JedisFactory.makeObject(JedisFactory.java:87)
	at org.apache.commons.pool2.impl.GenericObjectPool.create(GenericObjectPool.java:861)
	at org.apache.commons.pool2.impl.GenericObjectPool.borrowObject(GenericObjectPool.java:435)
	at org.apache.commons.pool2.impl.GenericObjectPool.borrowObject(GenericObjectPool.java:363)
	at redis.clients.util.Pool.getResource(Pool.java:48)
	... 17 more
Caused by: java.net.SocketTimeoutException: connect timed out
	at java.net.DualStackPlainSocketImpl.waitForConnect(Native Method)
	at java.net.DualStackPlainSocketImpl.socketConnect(DualStackPlainSocketImpl.java:85)
	at java.net.AbstractPlainSocketImpl.doConnect(AbstractPlainSocketImpl.java:350)
	at java.net.AbstractPlainSocketImpl.connectToAddress(AbstractPlainSocketImpl.java:206)
	at java.net.AbstractPlainSocketImpl.connect(AbstractPlainSocketImpl.java:188)
	at java.net.PlainSocketImpl.connect(PlainSocketImpl.java:172)
	at java.net.SocksSocketImpl.connect(SocksSocketImpl.java:392)
	at java.net.Socket.connect(Socket.java:589)
	at redis.clients.jedis.Connection.connect(Connection.java:158)
	... 24 more
