2021-07-22 08:56:41  [ flink-akka.actor.default-dispatcher-8:21372 ] - [ ERROR ]  
Exception occurred in REST handler.
org.apache.flink.runtime.rest.NotFoundException: Job 5141565ce16afb76cb4063ae6f8b2e41 not found
	at org.apache.flink.runtime.rest.handler.job.AbstractExecutionGraphHandler.lambda$handleRequest$1(AbstractExecutionGraphHandler.java:99)
	at java.util.concurrent.CompletableFuture.uniExceptionally(CompletableFuture.java:870)
	at java.util.concurrent.CompletableFuture$UniExceptionally.tryFire(CompletableFuture.java:852)
	at java.util.concurrent.CompletableFuture.postComplete(CompletableFuture.java:474)
	at java.util.concurrent.CompletableFuture.completeExceptionally(CompletableFuture.java:1977)
	at org.apache.flink.runtime.rest.handler.legacy.DefaultExecutionGraphCache.lambda$getExecutionGraphInternal$0(DefaultExecutionGraphCache.java:109)
	at java.util.concurrent.CompletableFuture.uniWhenComplete(CompletableFuture.java:760)
	at java.util.concurrent.CompletableFuture$UniWhenComplete.tryFire(CompletableFuture.java:736)
	at java.util.concurrent.CompletableFuture.postComplete(CompletableFuture.java:474)
	at java.util.concurrent.CompletableFuture.completeExceptionally(CompletableFuture.java:1977)
	at org.apache.flink.runtime.rpc.akka.AkkaInvocationHandler.lambda$invokeRpc$0(AkkaInvocationHandler.java:234)
	at java.util.concurrent.CompletableFuture.uniWhenComplete(CompletableFuture.java:760)
	at java.util.concurrent.CompletableFuture$UniWhenComplete.tryFire(CompletableFuture.java:736)
	at java.util.concurrent.CompletableFuture.postComplete(CompletableFuture.java:474)
	at java.util.concurrent.CompletableFuture.completeExceptionally(CompletableFuture.java:1977)
	at org.apache.flink.runtime.concurrent.FutureUtils$1.onComplete(FutureUtils.java:1079)
	at akka.dispatch.OnComplete.internal(Future.scala:263)
	at akka.dispatch.OnComplete.internal(Future.scala:261)
	at akka.dispatch.japi$CallbackBridge.apply(Future.scala:191)
	at akka.dispatch.japi$CallbackBridge.apply(Future.scala:188)
	at scala.concurrent.impl.CallbackRunnable.run(Promise.scala:60)
	at org.apache.flink.runtime.concurrent.Executors$DirectExecutionContext.execute(Executors.java:73)
	at scala.concurrent.impl.CallbackRunnable.executeWithValue(Promise.scala:68)
	at scala.concurrent.impl.Promise$DefaultPromise.$anonfun$tryComplete$1(Promise.scala:284)
	at scala.concurrent.impl.Promise$DefaultPromise.$anonfun$tryComplete$1$adapted(Promise.scala:284)
	at scala.concurrent.impl.Promise$DefaultPromise.tryComplete(Promise.scala:284)
	at akka.pattern.PromiseActorRef.$bang(AskSupport.scala:573)
	at akka.pattern.PipeToSupport$PipeableFuture$$anonfun$pipeTo$1.applyOrElse(PipeToSupport.scala:23)
	at akka.pattern.PipeToSupport$PipeableFuture$$anonfun$pipeTo$1.applyOrElse(PipeToSupport.scala:21)
	at scala.concurrent.Future.$anonfun$andThen$1(Future.scala:532)
	at scala.concurrent.impl.Promise.liftedTree1$1(Promise.scala:29)
	at scala.concurrent.impl.Promise.$anonfun$transform$1(Promise.scala:29)
	at scala.concurrent.impl.CallbackRunnable.run(Promise.scala:60)
	at akka.dispatch.BatchingExecutor$AbstractBatch.processBatch(BatchingExecutor.scala:55)
	at akka.dispatch.BatchingExecutor$BlockableBatch.$anonfun$run$1(BatchingExecutor.scala:91)
	at scala.runtime.java8.JFunction0$mcV$sp.apply(JFunction0$mcV$sp.java:12)
	at scala.concurrent.BlockContext$.withBlockContext(BlockContext.scala:81)
	at akka.dispatch.BatchingExecutor$BlockableBatch.run(BatchingExecutor.scala:91)
	at akka.dispatch.TaskInvocation.run(AbstractDispatcher.scala:40)
	at akka.dispatch.ForkJoinExecutorConfigurator$AkkaForkJoinTask.exec(ForkJoinExecutorConfigurator.scala:44)
	at akka.dispatch.forkjoin.ForkJoinTask.doExec(ForkJoinTask.java:260)
	at akka.dispatch.forkjoin.ForkJoinPool$WorkQueue.runTask(ForkJoinPool.java:1339)
	at akka.dispatch.forkjoin.ForkJoinPool.runWorker(ForkJoinPool.java:1979)
	at akka.dispatch.forkjoin.ForkJoinWorkerThread.run(ForkJoinWorkerThread.java:107)
Caused by: org.apache.flink.runtime.messages.FlinkJobNotFoundException: Could not find Flink job (5141565ce16afb76cb4063ae6f8b2e41)
	at org.apache.flink.runtime.dispatcher.Dispatcher.requestExecutionGraphInfo(Dispatcher.java:613)
	at sun.reflect.NativeMethodAccessorImpl.invoke0(Native Method)
	at sun.reflect.NativeMethodAccessorImpl.invoke(NativeMethodAccessorImpl.java:62)
	at sun.reflect.DelegatingMethodAccessorImpl.invoke(DelegatingMethodAccessorImpl.java:43)
	at java.lang.reflect.Method.invoke(Method.java:498)
	at org.apache.flink.runtime.rpc.akka.AkkaRpcActor.handleRpcInvocation(AkkaRpcActor.java:305)
	at org.apache.flink.runtime.rpc.akka.AkkaRpcActor.handleRpcMessage(AkkaRpcActor.java:212)
	at org.apache.flink.runtime.rpc.akka.FencedAkkaRpcActor.handleRpcMessage(FencedAkkaRpcActor.java:77)
	at org.apache.flink.runtime.rpc.akka.AkkaRpcActor.handleMessage(AkkaRpcActor.java:158)
	at akka.japi.pf.UnitCaseStatement.apply(CaseStatements.scala:26)
	at akka.japi.pf.UnitCaseStatement.apply(CaseStatements.scala:21)
	at scala.PartialFunction.applyOrElse(PartialFunction.scala:123)
	at scala.PartialFunction.applyOrElse$(PartialFunction.scala:122)
	at akka.japi.pf.UnitCaseStatement.applyOrElse(CaseStatements.scala:21)
	at scala.PartialFunction$OrElse.applyOrElse(PartialFunction.scala:171)
	at scala.PartialFunction$OrElse.applyOrElse(PartialFunction.scala:172)
	at scala.PartialFunction$OrElse.applyOrElse(PartialFunction.scala:172)
	at akka.actor.Actor.aroundReceive(Actor.scala:517)
	at akka.actor.Actor.aroundReceive$(Actor.scala:515)
	at akka.actor.AbstractActor.aroundReceive(AbstractActor.scala:225)
	at akka.actor.ActorCell.receiveMessage(ActorCell.scala:592)
	at akka.actor.ActorCell.invoke(ActorCell.scala:561)
	at akka.dispatch.Mailbox.processMailbox(Mailbox.scala:258)
	at akka.dispatch.Mailbox.run(Mailbox.scala:225)
	at akka.dispatch.Mailbox.exec(Mailbox.scala:235)
	... 4 more
2021-07-22 08:56:41  [ flink-akka.actor.default-dispatcher-8:21429 ] - [ ERROR ]  
Exception occurred in REST handler.
org.apache.flink.runtime.rest.NotFoundException: Job 5141565ce16afb76cb4063ae6f8b2e41 not found
	at org.apache.flink.runtime.rest.handler.job.AbstractExecutionGraphHandler.lambda$handleRequest$1(AbstractExecutionGraphHandler.java:99)
	at java.util.concurrent.CompletableFuture.uniExceptionally(CompletableFuture.java:870)
	at java.util.concurrent.CompletableFuture$UniExceptionally.tryFire(CompletableFuture.java:852)
	at java.util.concurrent.CompletableFuture.postComplete(CompletableFuture.java:474)
	at java.util.concurrent.CompletableFuture.completeExceptionally(CompletableFuture.java:1977)
	at org.apache.flink.runtime.rest.handler.legacy.DefaultExecutionGraphCache.lambda$getExecutionGraphInternal$0(DefaultExecutionGraphCache.java:109)
	at java.util.concurrent.CompletableFuture.uniWhenComplete(CompletableFuture.java:760)
	at java.util.concurrent.CompletableFuture$UniWhenComplete.tryFire(CompletableFuture.java:736)
	at java.util.concurrent.CompletableFuture.postComplete(CompletableFuture.java:474)
	at java.util.concurrent.CompletableFuture.completeExceptionally(CompletableFuture.java:1977)
	at org.apache.flink.runtime.rpc.akka.AkkaInvocationHandler.lambda$invokeRpc$0(AkkaInvocationHandler.java:234)
	at java.util.concurrent.CompletableFuture.uniWhenComplete(CompletableFuture.java:760)
	at java.util.concurrent.CompletableFuture$UniWhenComplete.tryFire(CompletableFuture.java:736)
	at java.util.concurrent.CompletableFuture.postComplete(CompletableFuture.java:474)
	at java.util.concurrent.CompletableFuture.completeExceptionally(CompletableFuture.java:1977)
	at org.apache.flink.runtime.concurrent.FutureUtils$1.onComplete(FutureUtils.java:1079)
	at akka.dispatch.OnComplete.internal(Future.scala:263)
	at akka.dispatch.OnComplete.internal(Future.scala:261)
	at akka.dispatch.japi$CallbackBridge.apply(Future.scala:191)
	at akka.dispatch.japi$CallbackBridge.apply(Future.scala:188)
	at scala.concurrent.impl.CallbackRunnable.run(Promise.scala:60)
	at org.apache.flink.runtime.concurrent.Executors$DirectExecutionContext.execute(Executors.java:73)
	at scala.concurrent.impl.CallbackRunnable.executeWithValue(Promise.scala:68)
	at scala.concurrent.impl.Promise$DefaultPromise.$anonfun$tryComplete$1(Promise.scala:284)
	at scala.concurrent.impl.Promise$DefaultPromise.$anonfun$tryComplete$1$adapted(Promise.scala:284)
	at scala.concurrent.impl.Promise$DefaultPromise.tryComplete(Promise.scala:284)
	at akka.pattern.PromiseActorRef.$bang(AskSupport.scala:573)
	at akka.pattern.PipeToSupport$PipeableFuture$$anonfun$pipeTo$1.applyOrElse(PipeToSupport.scala:23)
	at akka.pattern.PipeToSupport$PipeableFuture$$anonfun$pipeTo$1.applyOrElse(PipeToSupport.scala:21)
	at scala.concurrent.Future.$anonfun$andThen$1(Future.scala:532)
	at scala.concurrent.impl.Promise.liftedTree1$1(Promise.scala:29)
	at scala.concurrent.impl.Promise.$anonfun$transform$1(Promise.scala:29)
	at scala.concurrent.impl.CallbackRunnable.run(Promise.scala:60)
	at akka.dispatch.BatchingExecutor$AbstractBatch.processBatch(BatchingExecutor.scala:55)
	at akka.dispatch.BatchingExecutor$BlockableBatch.$anonfun$run$1(BatchingExecutor.scala:91)
	at scala.runtime.java8.JFunction0$mcV$sp.apply(JFunction0$mcV$sp.java:12)
	at scala.concurrent.BlockContext$.withBlockContext(BlockContext.scala:81)
	at akka.dispatch.BatchingExecutor$BlockableBatch.run(BatchingExecutor.scala:91)
	at akka.dispatch.TaskInvocation.run(AbstractDispatcher.scala:40)
	at akka.dispatch.ForkJoinExecutorConfigurator$AkkaForkJoinTask.exec(ForkJoinExecutorConfigurator.scala:44)
	at akka.dispatch.forkjoin.ForkJoinTask.doExec(ForkJoinTask.java:260)
	at akka.dispatch.forkjoin.ForkJoinPool$WorkQueue.runTask(ForkJoinPool.java:1339)
	at akka.dispatch.forkjoin.ForkJoinPool.runWorker(ForkJoinPool.java:1979)
	at akka.dispatch.forkjoin.ForkJoinWorkerThread.run(ForkJoinWorkerThread.java:107)
Caused by: org.apache.flink.runtime.messages.FlinkJobNotFoundException: Could not find Flink job (5141565ce16afb76cb4063ae6f8b2e41)
	at org.apache.flink.runtime.dispatcher.Dispatcher.requestExecutionGraphInfo(Dispatcher.java:613)
	at sun.reflect.NativeMethodAccessorImpl.invoke0(Native Method)
	at sun.reflect.NativeMethodAccessorImpl.invoke(NativeMethodAccessorImpl.java:62)
	at sun.reflect.DelegatingMethodAccessorImpl.invoke(DelegatingMethodAccessorImpl.java:43)
	at java.lang.reflect.Method.invoke(Method.java:498)
	at org.apache.flink.runtime.rpc.akka.AkkaRpcActor.handleRpcInvocation(AkkaRpcActor.java:305)
	at org.apache.flink.runtime.rpc.akka.AkkaRpcActor.handleRpcMessage(AkkaRpcActor.java:212)
	at org.apache.flink.runtime.rpc.akka.FencedAkkaRpcActor.handleRpcMessage(FencedAkkaRpcActor.java:77)
	at org.apache.flink.runtime.rpc.akka.AkkaRpcActor.handleMessage(AkkaRpcActor.java:158)
	at akka.japi.pf.UnitCaseStatement.apply(CaseStatements.scala:26)
	at akka.japi.pf.UnitCaseStatement.apply(CaseStatements.scala:21)
	at scala.PartialFunction.applyOrElse(PartialFunction.scala:123)
	at scala.PartialFunction.applyOrElse$(PartialFunction.scala:122)
	at akka.japi.pf.UnitCaseStatement.applyOrElse(CaseStatements.scala:21)
	at scala.PartialFunction$OrElse.applyOrElse(PartialFunction.scala:171)
	at scala.PartialFunction$OrElse.applyOrElse(PartialFunction.scala:172)
	at scala.PartialFunction$OrElse.applyOrElse(PartialFunction.scala:172)
	at akka.actor.Actor.aroundReceive(Actor.scala:517)
	at akka.actor.Actor.aroundReceive$(Actor.scala:515)
	at akka.actor.AbstractActor.aroundReceive(AbstractActor.scala:225)
	at akka.actor.ActorCell.receiveMessage(ActorCell.scala:592)
	at akka.actor.ActorCell.invoke(ActorCell.scala:561)
	at akka.dispatch.Mailbox.processMailbox(Mailbox.scala:258)
	at akka.dispatch.Mailbox.run(Mailbox.scala:225)
	at akka.dispatch.Mailbox.exec(Mailbox.scala:235)
	... 4 more
2021-07-22 08:56:42  [ flink-akka.actor.default-dispatcher-8:22777 ] - [ ERROR ]  
Exception occurred in REST handler.
org.apache.flink.runtime.rest.NotFoundException: Job 5141565ce16afb76cb4063ae6f8b2e41 not found
	at org.apache.flink.runtime.rest.handler.job.AbstractExecutionGraphHandler.lambda$handleRequest$1(AbstractExecutionGraphHandler.java:99)
	at java.util.concurrent.CompletableFuture.uniExceptionally(CompletableFuture.java:870)
	at java.util.concurrent.CompletableFuture$UniExceptionally.tryFire(CompletableFuture.java:852)
	at java.util.concurrent.CompletableFuture.postComplete(CompletableFuture.java:474)
	at java.util.concurrent.CompletableFuture.completeExceptionally(CompletableFuture.java:1977)
	at org.apache.flink.runtime.rest.handler.legacy.DefaultExecutionGraphCache.lambda$getExecutionGraphInternal$0(DefaultExecutionGraphCache.java:109)
	at java.util.concurrent.CompletableFuture.uniWhenComplete(CompletableFuture.java:760)
	at java.util.concurrent.CompletableFuture$UniWhenComplete.tryFire(CompletableFuture.java:736)
	at java.util.concurrent.CompletableFuture.postComplete(CompletableFuture.java:474)
	at java.util.concurrent.CompletableFuture.completeExceptionally(CompletableFuture.java:1977)
	at org.apache.flink.runtime.rpc.akka.AkkaInvocationHandler.lambda$invokeRpc$0(AkkaInvocationHandler.java:234)
	at java.util.concurrent.CompletableFuture.uniWhenComplete(CompletableFuture.java:760)
	at java.util.concurrent.CompletableFuture$UniWhenComplete.tryFire(CompletableFuture.java:736)
	at java.util.concurrent.CompletableFuture.postComplete(CompletableFuture.java:474)
	at java.util.concurrent.CompletableFuture.completeExceptionally(CompletableFuture.java:1977)
	at org.apache.flink.runtime.concurrent.FutureUtils$1.onComplete(FutureUtils.java:1079)
	at akka.dispatch.OnComplete.internal(Future.scala:263)
	at akka.dispatch.OnComplete.internal(Future.scala:261)
	at akka.dispatch.japi$CallbackBridge.apply(Future.scala:191)
	at akka.dispatch.japi$CallbackBridge.apply(Future.scala:188)
	at scala.concurrent.impl.CallbackRunnable.run(Promise.scala:60)
	at org.apache.flink.runtime.concurrent.Executors$DirectExecutionContext.execute(Executors.java:73)
	at scala.concurrent.impl.CallbackRunnable.executeWithValue(Promise.scala:68)
	at scala.concurrent.impl.Promise$DefaultPromise.$anonfun$tryComplete$1(Promise.scala:284)
	at scala.concurrent.impl.Promise$DefaultPromise.$anonfun$tryComplete$1$adapted(Promise.scala:284)
	at scala.concurrent.impl.Promise$DefaultPromise.tryComplete(Promise.scala:284)
	at akka.pattern.PromiseActorRef.$bang(AskSupport.scala:573)
	at akka.pattern.PipeToSupport$PipeableFuture$$anonfun$pipeTo$1.applyOrElse(PipeToSupport.scala:23)
	at akka.pattern.PipeToSupport$PipeableFuture$$anonfun$pipeTo$1.applyOrElse(PipeToSupport.scala:21)
	at scala.concurrent.Future.$anonfun$andThen$1(Future.scala:532)
	at scala.concurrent.impl.Promise.liftedTree1$1(Promise.scala:29)
	at scala.concurrent.impl.Promise.$anonfun$transform$1(Promise.scala:29)
	at scala.concurrent.impl.CallbackRunnable.run(Promise.scala:60)
	at akka.dispatch.BatchingExecutor$AbstractBatch.processBatch(BatchingExecutor.scala:55)
	at akka.dispatch.BatchingExecutor$BlockableBatch.$anonfun$run$1(BatchingExecutor.scala:91)
	at scala.runtime.java8.JFunction0$mcV$sp.apply(JFunction0$mcV$sp.java:12)
	at scala.concurrent.BlockContext$.withBlockContext(BlockContext.scala:81)
	at akka.dispatch.BatchingExecutor$BlockableBatch.run(BatchingExecutor.scala:91)
	at akka.dispatch.TaskInvocation.run(AbstractDispatcher.scala:40)
	at akka.dispatch.ForkJoinExecutorConfigurator$AkkaForkJoinTask.exec(ForkJoinExecutorConfigurator.scala:44)
	at akka.dispatch.forkjoin.ForkJoinTask.doExec(ForkJoinTask.java:260)
	at akka.dispatch.forkjoin.ForkJoinPool$WorkQueue.runTask(ForkJoinPool.java:1339)
	at akka.dispatch.forkjoin.ForkJoinPool.runWorker(ForkJoinPool.java:1979)
	at akka.dispatch.forkjoin.ForkJoinWorkerThread.run(ForkJoinWorkerThread.java:107)
Caused by: org.apache.flink.runtime.messages.FlinkJobNotFoundException: Could not find Flink job (5141565ce16afb76cb4063ae6f8b2e41)
	at org.apache.flink.runtime.dispatcher.Dispatcher.requestExecutionGraphInfo(Dispatcher.java:613)
	at sun.reflect.NativeMethodAccessorImpl.invoke0(Native Method)
	at sun.reflect.NativeMethodAccessorImpl.invoke(NativeMethodAccessorImpl.java:62)
	at sun.reflect.DelegatingMethodAccessorImpl.invoke(DelegatingMethodAccessorImpl.java:43)
	at java.lang.reflect.Method.invoke(Method.java:498)
	at org.apache.flink.runtime.rpc.akka.AkkaRpcActor.handleRpcInvocation(AkkaRpcActor.java:305)
	at org.apache.flink.runtime.rpc.akka.AkkaRpcActor.handleRpcMessage(AkkaRpcActor.java:212)
	at org.apache.flink.runtime.rpc.akka.FencedAkkaRpcActor.handleRpcMessage(FencedAkkaRpcActor.java:77)
	at org.apache.flink.runtime.rpc.akka.AkkaRpcActor.handleMessage(AkkaRpcActor.java:158)
	at akka.japi.pf.UnitCaseStatement.apply(CaseStatements.scala:26)
	at akka.japi.pf.UnitCaseStatement.apply(CaseStatements.scala:21)
	at scala.PartialFunction.applyOrElse(PartialFunction.scala:123)
	at scala.PartialFunction.applyOrElse$(PartialFunction.scala:122)
	at akka.japi.pf.UnitCaseStatement.applyOrElse(CaseStatements.scala:21)
	at scala.PartialFunction$OrElse.applyOrElse(PartialFunction.scala:171)
	at scala.PartialFunction$OrElse.applyOrElse(PartialFunction.scala:172)
	at scala.PartialFunction$OrElse.applyOrElse(PartialFunction.scala:172)
	at akka.actor.Actor.aroundReceive(Actor.scala:517)
	at akka.actor.Actor.aroundReceive$(Actor.scala:515)
	at akka.actor.AbstractActor.aroundReceive(AbstractActor.scala:225)
	at akka.actor.ActorCell.receiveMessage(ActorCell.scala:592)
	at akka.actor.ActorCell.invoke(ActorCell.scala:561)
	at akka.dispatch.Mailbox.processMailbox(Mailbox.scala:258)
	at akka.dispatch.Mailbox.run(Mailbox.scala:225)
	at akka.dispatch.Mailbox.exec(Mailbox.scala:235)
	... 4 more
2021-07-22 08:56:42  [ flink-akka.actor.default-dispatcher-8:22791 ] - [ ERROR ]  
Exception occurred in REST handler.
org.apache.flink.runtime.rest.NotFoundException: Job 5141565ce16afb76cb4063ae6f8b2e41 not found
	at org.apache.flink.runtime.rest.handler.job.AbstractExecutionGraphHandler.lambda$handleRequest$1(AbstractExecutionGraphHandler.java:99)
	at java.util.concurrent.CompletableFuture.uniExceptionally(CompletableFuture.java:870)
	at java.util.concurrent.CompletableFuture$UniExceptionally.tryFire(CompletableFuture.java:852)
	at java.util.concurrent.CompletableFuture.postComplete(CompletableFuture.java:474)
	at java.util.concurrent.CompletableFuture.completeExceptionally(CompletableFuture.java:1977)
	at org.apache.flink.runtime.rest.handler.legacy.DefaultExecutionGraphCache.lambda$getExecutionGraphInternal$0(DefaultExecutionGraphCache.java:109)
	at java.util.concurrent.CompletableFuture.uniWhenComplete(CompletableFuture.java:760)
	at java.util.concurrent.CompletableFuture$UniWhenComplete.tryFire(CompletableFuture.java:736)
	at java.util.concurrent.CompletableFuture.postComplete(CompletableFuture.java:474)
	at java.util.concurrent.CompletableFuture.completeExceptionally(CompletableFuture.java:1977)
	at org.apache.flink.runtime.rpc.akka.AkkaInvocationHandler.lambda$invokeRpc$0(AkkaInvocationHandler.java:234)
	at java.util.concurrent.CompletableFuture.uniWhenComplete(CompletableFuture.java:760)
	at java.util.concurrent.CompletableFuture$UniWhenComplete.tryFire(CompletableFuture.java:736)
	at java.util.concurrent.CompletableFuture.postComplete(CompletableFuture.java:474)
	at java.util.concurrent.CompletableFuture.completeExceptionally(CompletableFuture.java:1977)
	at org.apache.flink.runtime.concurrent.FutureUtils$1.onComplete(FutureUtils.java:1079)
	at akka.dispatch.OnComplete.internal(Future.scala:263)
	at akka.dispatch.OnComplete.internal(Future.scala:261)
	at akka.dispatch.japi$CallbackBridge.apply(Future.scala:191)
	at akka.dispatch.japi$CallbackBridge.apply(Future.scala:188)
	at scala.concurrent.impl.CallbackRunnable.run(Promise.scala:60)
	at org.apache.flink.runtime.concurrent.Executors$DirectExecutionContext.execute(Executors.java:73)
	at scala.concurrent.impl.CallbackRunnable.executeWithValue(Promise.scala:68)
	at scala.concurrent.impl.Promise$DefaultPromise.$anonfun$tryComplete$1(Promise.scala:284)
	at scala.concurrent.impl.Promise$DefaultPromise.$anonfun$tryComplete$1$adapted(Promise.scala:284)
	at scala.concurrent.impl.Promise$DefaultPromise.tryComplete(Promise.scala:284)
	at akka.pattern.PromiseActorRef.$bang(AskSupport.scala:573)
	at akka.pattern.PipeToSupport$PipeableFuture$$anonfun$pipeTo$1.applyOrElse(PipeToSupport.scala:23)
	at akka.pattern.PipeToSupport$PipeableFuture$$anonfun$pipeTo$1.applyOrElse(PipeToSupport.scala:21)
	at scala.concurrent.Future.$anonfun$andThen$1(Future.scala:532)
	at scala.concurrent.impl.Promise.liftedTree1$1(Promise.scala:29)
	at scala.concurrent.impl.Promise.$anonfun$transform$1(Promise.scala:29)
	at scala.concurrent.impl.CallbackRunnable.run(Promise.scala:60)
	at akka.dispatch.BatchingExecutor$AbstractBatch.processBatch(BatchingExecutor.scala:55)
	at akka.dispatch.BatchingExecutor$BlockableBatch.$anonfun$run$1(BatchingExecutor.scala:91)
	at scala.runtime.java8.JFunction0$mcV$sp.apply(JFunction0$mcV$sp.java:12)
	at scala.concurrent.BlockContext$.withBlockContext(BlockContext.scala:81)
	at akka.dispatch.BatchingExecutor$BlockableBatch.run(BatchingExecutor.scala:91)
	at akka.dispatch.TaskInvocation.run(AbstractDispatcher.scala:40)
	at akka.dispatch.ForkJoinExecutorConfigurator$AkkaForkJoinTask.exec(ForkJoinExecutorConfigurator.scala:44)
	at akka.dispatch.forkjoin.ForkJoinTask.doExec(ForkJoinTask.java:260)
	at akka.dispatch.forkjoin.ForkJoinPool$WorkQueue.runTask(ForkJoinPool.java:1339)
	at akka.dispatch.forkjoin.ForkJoinPool.runWorker(ForkJoinPool.java:1979)
	at akka.dispatch.forkjoin.ForkJoinWorkerThread.run(ForkJoinWorkerThread.java:107)
Caused by: org.apache.flink.runtime.messages.FlinkJobNotFoundException: Could not find Flink job (5141565ce16afb76cb4063ae6f8b2e41)
	at org.apache.flink.runtime.dispatcher.Dispatcher.requestExecutionGraphInfo(Dispatcher.java:613)
	at sun.reflect.NativeMethodAccessorImpl.invoke0(Native Method)
	at sun.reflect.NativeMethodAccessorImpl.invoke(NativeMethodAccessorImpl.java:62)
	at sun.reflect.DelegatingMethodAccessorImpl.invoke(DelegatingMethodAccessorImpl.java:43)
	at java.lang.reflect.Method.invoke(Method.java:498)
	at org.apache.flink.runtime.rpc.akka.AkkaRpcActor.handleRpcInvocation(AkkaRpcActor.java:305)
	at org.apache.flink.runtime.rpc.akka.AkkaRpcActor.handleRpcMessage(AkkaRpcActor.java:212)
	at org.apache.flink.runtime.rpc.akka.FencedAkkaRpcActor.handleRpcMessage(FencedAkkaRpcActor.java:77)
	at org.apache.flink.runtime.rpc.akka.AkkaRpcActor.handleMessage(AkkaRpcActor.java:158)
	at akka.japi.pf.UnitCaseStatement.apply(CaseStatements.scala:26)
	at akka.japi.pf.UnitCaseStatement.apply(CaseStatements.scala:21)
	at scala.PartialFunction.applyOrElse(PartialFunction.scala:123)
	at scala.PartialFunction.applyOrElse$(PartialFunction.scala:122)
	at akka.japi.pf.UnitCaseStatement.applyOrElse(CaseStatements.scala:21)
	at scala.PartialFunction$OrElse.applyOrElse(PartialFunction.scala:171)
	at scala.PartialFunction$OrElse.applyOrElse(PartialFunction.scala:172)
	at scala.PartialFunction$OrElse.applyOrElse(PartialFunction.scala:172)
	at akka.actor.Actor.aroundReceive(Actor.scala:517)
	at akka.actor.Actor.aroundReceive$(Actor.scala:515)
	at akka.actor.AbstractActor.aroundReceive(AbstractActor.scala:225)
	at akka.actor.ActorCell.receiveMessage(ActorCell.scala:592)
	at akka.actor.ActorCell.invoke(ActorCell.scala:561)
	at akka.dispatch.Mailbox.processMailbox(Mailbox.scala:258)
	at akka.dispatch.Mailbox.run(Mailbox.scala:225)
	at akka.dispatch.Mailbox.exec(Mailbox.scala:235)
	... 4 more
2021-07-22 08:56:45  [ flink-akka.actor.default-dispatcher-9:25784 ] - [ ERROR ]  
Exception occurred in REST handler.
org.apache.flink.runtime.rest.NotFoundException: Job 5141565ce16afb76cb4063ae6f8b2e41 not found
	at org.apache.flink.runtime.rest.handler.job.AbstractExecutionGraphHandler.lambda$handleRequest$1(AbstractExecutionGraphHandler.java:99)
	at java.util.concurrent.CompletableFuture.uniExceptionally(CompletableFuture.java:870)
	at java.util.concurrent.CompletableFuture$UniExceptionally.tryFire(CompletableFuture.java:852)
	at java.util.concurrent.CompletableFuture.postComplete(CompletableFuture.java:474)
	at java.util.concurrent.CompletableFuture.completeExceptionally(CompletableFuture.java:1977)
	at org.apache.flink.runtime.rest.handler.legacy.DefaultExecutionGraphCache.lambda$getExecutionGraphInternal$0(DefaultExecutionGraphCache.java:109)
	at java.util.concurrent.CompletableFuture.uniWhenComplete(CompletableFuture.java:760)
	at java.util.concurrent.CompletableFuture$UniWhenComplete.tryFire(CompletableFuture.java:736)
	at java.util.concurrent.CompletableFuture.postComplete(CompletableFuture.java:474)
	at java.util.concurrent.CompletableFuture.completeExceptionally(CompletableFuture.java:1977)
	at org.apache.flink.runtime.rpc.akka.AkkaInvocationHandler.lambda$invokeRpc$0(AkkaInvocationHandler.java:234)
	at java.util.concurrent.CompletableFuture.uniWhenComplete(CompletableFuture.java:760)
	at java.util.concurrent.CompletableFuture$UniWhenComplete.tryFire(CompletableFuture.java:736)
	at java.util.concurrent.CompletableFuture.postComplete(CompletableFuture.java:474)
	at java.util.concurrent.CompletableFuture.completeExceptionally(CompletableFuture.java:1977)
	at org.apache.flink.runtime.concurrent.FutureUtils$1.onComplete(FutureUtils.java:1079)
	at akka.dispatch.OnComplete.internal(Future.scala:263)
	at akka.dispatch.OnComplete.internal(Future.scala:261)
	at akka.dispatch.japi$CallbackBridge.apply(Future.scala:191)
	at akka.dispatch.japi$CallbackBridge.apply(Future.scala:188)
	at scala.concurrent.impl.CallbackRunnable.run(Promise.scala:60)
	at org.apache.flink.runtime.concurrent.Executors$DirectExecutionContext.execute(Executors.java:73)
	at scala.concurrent.impl.CallbackRunnable.executeWithValue(Promise.scala:68)
	at scala.concurrent.impl.Promise$DefaultPromise.$anonfun$tryComplete$1(Promise.scala:284)
	at scala.concurrent.impl.Promise$DefaultPromise.$anonfun$tryComplete$1$adapted(Promise.scala:284)
	at scala.concurrent.impl.Promise$DefaultPromise.tryComplete(Promise.scala:284)
	at akka.pattern.PromiseActorRef.$bang(AskSupport.scala:573)
	at akka.pattern.PipeToSupport$PipeableFuture$$anonfun$pipeTo$1.applyOrElse(PipeToSupport.scala:23)
	at akka.pattern.PipeToSupport$PipeableFuture$$anonfun$pipeTo$1.applyOrElse(PipeToSupport.scala:21)
	at scala.concurrent.Future.$anonfun$andThen$1(Future.scala:532)
	at scala.concurrent.impl.Promise.liftedTree1$1(Promise.scala:29)
	at scala.concurrent.impl.Promise.$anonfun$transform$1(Promise.scala:29)
	at scala.concurrent.impl.CallbackRunnable.run(Promise.scala:60)
	at akka.dispatch.BatchingExecutor$AbstractBatch.processBatch(BatchingExecutor.scala:55)
	at akka.dispatch.BatchingExecutor$BlockableBatch.$anonfun$run$1(BatchingExecutor.scala:91)
	at scala.runtime.java8.JFunction0$mcV$sp.apply(JFunction0$mcV$sp.java:12)
	at scala.concurrent.BlockContext$.withBlockContext(BlockContext.scala:81)
	at akka.dispatch.BatchingExecutor$BlockableBatch.run(BatchingExecutor.scala:91)
	at akka.dispatch.TaskInvocation.run(AbstractDispatcher.scala:40)
	at akka.dispatch.ForkJoinExecutorConfigurator$AkkaForkJoinTask.exec(ForkJoinExecutorConfigurator.scala:44)
	at akka.dispatch.forkjoin.ForkJoinTask.doExec(ForkJoinTask.java:260)
	at akka.dispatch.forkjoin.ForkJoinPool$WorkQueue.runTask(ForkJoinPool.java:1339)
	at akka.dispatch.forkjoin.ForkJoinPool.runWorker(ForkJoinPool.java:1979)
	at akka.dispatch.forkjoin.ForkJoinWorkerThread.run(ForkJoinWorkerThread.java:107)
Caused by: org.apache.flink.runtime.messages.FlinkJobNotFoundException: Could not find Flink job (5141565ce16afb76cb4063ae6f8b2e41)
	at org.apache.flink.runtime.dispatcher.Dispatcher.requestExecutionGraphInfo(Dispatcher.java:613)
	at sun.reflect.NativeMethodAccessorImpl.invoke0(Native Method)
	at sun.reflect.NativeMethodAccessorImpl.invoke(NativeMethodAccessorImpl.java:62)
	at sun.reflect.DelegatingMethodAccessorImpl.invoke(DelegatingMethodAccessorImpl.java:43)
	at java.lang.reflect.Method.invoke(Method.java:498)
	at org.apache.flink.runtime.rpc.akka.AkkaRpcActor.handleRpcInvocation(AkkaRpcActor.java:305)
	at org.apache.flink.runtime.rpc.akka.AkkaRpcActor.handleRpcMessage(AkkaRpcActor.java:212)
	at org.apache.flink.runtime.rpc.akka.FencedAkkaRpcActor.handleRpcMessage(FencedAkkaRpcActor.java:77)
	at org.apache.flink.runtime.rpc.akka.AkkaRpcActor.handleMessage(AkkaRpcActor.java:158)
	at akka.japi.pf.UnitCaseStatement.apply(CaseStatements.scala:26)
	at akka.japi.pf.UnitCaseStatement.apply(CaseStatements.scala:21)
	at scala.PartialFunction.applyOrElse(PartialFunction.scala:123)
	at scala.PartialFunction.applyOrElse$(PartialFunction.scala:122)
	at akka.japi.pf.UnitCaseStatement.applyOrElse(CaseStatements.scala:21)
	at scala.PartialFunction$OrElse.applyOrElse(PartialFunction.scala:171)
	at scala.PartialFunction$OrElse.applyOrElse(PartialFunction.scala:172)
	at scala.PartialFunction$OrElse.applyOrElse(PartialFunction.scala:172)
	at akka.actor.Actor.aroundReceive(Actor.scala:517)
	at akka.actor.Actor.aroundReceive$(Actor.scala:515)
	at akka.actor.AbstractActor.aroundReceive(AbstractActor.scala:225)
	at akka.actor.ActorCell.receiveMessage(ActorCell.scala:592)
	at akka.actor.ActorCell.invoke(ActorCell.scala:561)
	at akka.dispatch.Mailbox.processMailbox(Mailbox.scala:258)
	at akka.dispatch.Mailbox.run(Mailbox.scala:225)
	at akka.dispatch.Mailbox.exec(Mailbox.scala:235)
	... 4 more
2021-07-22 08:56:45  [ flink-akka.actor.default-dispatcher-7:25795 ] - [ ERROR ]  
Exception occurred in REST handler.
org.apache.flink.runtime.rest.NotFoundException: Job 5141565ce16afb76cb4063ae6f8b2e41 not found
	at org.apache.flink.runtime.rest.handler.job.AbstractExecutionGraphHandler.lambda$handleRequest$1(AbstractExecutionGraphHandler.java:99)
	at java.util.concurrent.CompletableFuture.uniExceptionally(CompletableFuture.java:870)
	at java.util.concurrent.CompletableFuture$UniExceptionally.tryFire(CompletableFuture.java:852)
	at java.util.concurrent.CompletableFuture.postComplete(CompletableFuture.java:474)
	at java.util.concurrent.CompletableFuture.completeExceptionally(CompletableFuture.java:1977)
	at org.apache.flink.runtime.rest.handler.legacy.DefaultExecutionGraphCache.lambda$getExecutionGraphInternal$0(DefaultExecutionGraphCache.java:109)
	at java.util.concurrent.CompletableFuture.uniWhenComplete(CompletableFuture.java:760)
	at java.util.concurrent.CompletableFuture$UniWhenComplete.tryFire(CompletableFuture.java:736)
	at java.util.concurrent.CompletableFuture.postComplete(CompletableFuture.java:474)
	at java.util.concurrent.CompletableFuture.completeExceptionally(CompletableFuture.java:1977)
	at org.apache.flink.runtime.rpc.akka.AkkaInvocationHandler.lambda$invokeRpc$0(AkkaInvocationHandler.java:234)
	at java.util.concurrent.CompletableFuture.uniWhenComplete(CompletableFuture.java:760)
	at java.util.concurrent.CompletableFuture$UniWhenComplete.tryFire(CompletableFuture.java:736)
	at java.util.concurrent.CompletableFuture.postComplete(CompletableFuture.java:474)
	at java.util.concurrent.CompletableFuture.completeExceptionally(CompletableFuture.java:1977)
	at org.apache.flink.runtime.concurrent.FutureUtils$1.onComplete(FutureUtils.java:1079)
	at akka.dispatch.OnComplete.internal(Future.scala:263)
	at akka.dispatch.OnComplete.internal(Future.scala:261)
	at akka.dispatch.japi$CallbackBridge.apply(Future.scala:191)
	at akka.dispatch.japi$CallbackBridge.apply(Future.scala:188)
	at scala.concurrent.impl.CallbackRunnable.run(Promise.scala:60)
	at org.apache.flink.runtime.concurrent.Executors$DirectExecutionContext.execute(Executors.java:73)
	at scala.concurrent.impl.CallbackRunnable.executeWithValue(Promise.scala:68)
	at scala.concurrent.impl.Promise$DefaultPromise.$anonfun$tryComplete$1(Promise.scala:284)
	at scala.concurrent.impl.Promise$DefaultPromise.$anonfun$tryComplete$1$adapted(Promise.scala:284)
	at scala.concurrent.impl.Promise$DefaultPromise.tryComplete(Promise.scala:284)
	at akka.pattern.PromiseActorRef.$bang(AskSupport.scala:573)
	at akka.pattern.PipeToSupport$PipeableFuture$$anonfun$pipeTo$1.applyOrElse(PipeToSupport.scala:23)
	at akka.pattern.PipeToSupport$PipeableFuture$$anonfun$pipeTo$1.applyOrElse(PipeToSupport.scala:21)
	at scala.concurrent.Future.$anonfun$andThen$1(Future.scala:532)
	at scala.concurrent.impl.Promise.liftedTree1$1(Promise.scala:29)
	at scala.concurrent.impl.Promise.$anonfun$transform$1(Promise.scala:29)
	at scala.concurrent.impl.CallbackRunnable.run(Promise.scala:60)
	at akka.dispatch.BatchingExecutor$AbstractBatch.processBatch(BatchingExecutor.scala:55)
	at akka.dispatch.BatchingExecutor$BlockableBatch.$anonfun$run$1(BatchingExecutor.scala:91)
	at scala.runtime.java8.JFunction0$mcV$sp.apply(JFunction0$mcV$sp.java:12)
	at scala.concurrent.BlockContext$.withBlockContext(BlockContext.scala:81)
	at akka.dispatch.BatchingExecutor$BlockableBatch.run(BatchingExecutor.scala:91)
	at akka.dispatch.TaskInvocation.run(AbstractDispatcher.scala:40)
	at akka.dispatch.ForkJoinExecutorConfigurator$AkkaForkJoinTask.exec(ForkJoinExecutorConfigurator.scala:44)
	at akka.dispatch.forkjoin.ForkJoinTask.doExec(ForkJoinTask.java:260)
	at akka.dispatch.forkjoin.ForkJoinPool$WorkQueue.runTask(ForkJoinPool.java:1339)
	at akka.dispatch.forkjoin.ForkJoinPool.runWorker(ForkJoinPool.java:1979)
	at akka.dispatch.forkjoin.ForkJoinWorkerThread.run(ForkJoinWorkerThread.java:107)
Caused by: org.apache.flink.runtime.messages.FlinkJobNotFoundException: Could not find Flink job (5141565ce16afb76cb4063ae6f8b2e41)
	at org.apache.flink.runtime.dispatcher.Dispatcher.requestExecutionGraphInfo(Dispatcher.java:613)
	at sun.reflect.NativeMethodAccessorImpl.invoke0(Native Method)
	at sun.reflect.NativeMethodAccessorImpl.invoke(NativeMethodAccessorImpl.java:62)
	at sun.reflect.DelegatingMethodAccessorImpl.invoke(DelegatingMethodAccessorImpl.java:43)
	at java.lang.reflect.Method.invoke(Method.java:498)
	at org.apache.flink.runtime.rpc.akka.AkkaRpcActor.handleRpcInvocation(AkkaRpcActor.java:305)
	at org.apache.flink.runtime.rpc.akka.AkkaRpcActor.handleRpcMessage(AkkaRpcActor.java:212)
	at org.apache.flink.runtime.rpc.akka.FencedAkkaRpcActor.handleRpcMessage(FencedAkkaRpcActor.java:77)
	at org.apache.flink.runtime.rpc.akka.AkkaRpcActor.handleMessage(AkkaRpcActor.java:158)
	at akka.japi.pf.UnitCaseStatement.apply(CaseStatements.scala:26)
	at akka.japi.pf.UnitCaseStatement.apply(CaseStatements.scala:21)
	at scala.PartialFunction.applyOrElse(PartialFunction.scala:123)
	at scala.PartialFunction.applyOrElse$(PartialFunction.scala:122)
	at akka.japi.pf.UnitCaseStatement.applyOrElse(CaseStatements.scala:21)
	at scala.PartialFunction$OrElse.applyOrElse(PartialFunction.scala:171)
	at scala.PartialFunction$OrElse.applyOrElse(PartialFunction.scala:172)
	at scala.PartialFunction$OrElse.applyOrElse(PartialFunction.scala:172)
	at akka.actor.Actor.aroundReceive(Actor.scala:517)
	at akka.actor.Actor.aroundReceive$(Actor.scala:515)
	at akka.actor.AbstractActor.aroundReceive(AbstractActor.scala:225)
	at akka.actor.ActorCell.receiveMessage(ActorCell.scala:592)
	at akka.actor.ActorCell.invoke(ActorCell.scala:561)
	at akka.dispatch.Mailbox.processMailbox(Mailbox.scala:258)
	at akka.dispatch.Mailbox.run(Mailbox.scala:225)
	at akka.dispatch.Mailbox.exec(Mailbox.scala:235)
	... 4 more
2021-07-22 08:56:48  [ flink-akka.actor.default-dispatcher-7:28784 ] - [ ERROR ]  
Exception occurred in REST handler.
org.apache.flink.runtime.rest.NotFoundException: Job 5141565ce16afb76cb4063ae6f8b2e41 not found
	at org.apache.flink.runtime.rest.handler.job.AbstractExecutionGraphHandler.lambda$handleRequest$1(AbstractExecutionGraphHandler.java:99)
	at java.util.concurrent.CompletableFuture.uniExceptionally(CompletableFuture.java:870)
	at java.util.concurrent.CompletableFuture$UniExceptionally.tryFire(CompletableFuture.java:852)
	at java.util.concurrent.CompletableFuture.postComplete(CompletableFuture.java:474)
	at java.util.concurrent.CompletableFuture.completeExceptionally(CompletableFuture.java:1977)
	at org.apache.flink.runtime.rest.handler.legacy.DefaultExecutionGraphCache.lambda$getExecutionGraphInternal$0(DefaultExecutionGraphCache.java:109)
	at java.util.concurrent.CompletableFuture.uniWhenComplete(CompletableFuture.java:760)
	at java.util.concurrent.CompletableFuture$UniWhenComplete.tryFire(CompletableFuture.java:736)
	at java.util.concurrent.CompletableFuture.postComplete(CompletableFuture.java:474)
	at java.util.concurrent.CompletableFuture.completeExceptionally(CompletableFuture.java:1977)
	at org.apache.flink.runtime.rpc.akka.AkkaInvocationHandler.lambda$invokeRpc$0(AkkaInvocationHandler.java:234)
	at java.util.concurrent.CompletableFuture.uniWhenComplete(CompletableFuture.java:760)
	at java.util.concurrent.CompletableFuture$UniWhenComplete.tryFire(CompletableFuture.java:736)
	at java.util.concurrent.CompletableFuture.postComplete(CompletableFuture.java:474)
	at java.util.concurrent.CompletableFuture.completeExceptionally(CompletableFuture.java:1977)
	at org.apache.flink.runtime.concurrent.FutureUtils$1.onComplete(FutureUtils.java:1079)
	at akka.dispatch.OnComplete.internal(Future.scala:263)
	at akka.dispatch.OnComplete.internal(Future.scala:261)
	at akka.dispatch.japi$CallbackBridge.apply(Future.scala:191)
	at akka.dispatch.japi$CallbackBridge.apply(Future.scala:188)
	at scala.concurrent.impl.CallbackRunnable.run(Promise.scala:60)
	at org.apache.flink.runtime.concurrent.Executors$DirectExecutionContext.execute(Executors.java:73)
	at scala.concurrent.impl.CallbackRunnable.executeWithValue(Promise.scala:68)
	at scala.concurrent.impl.Promise$DefaultPromise.$anonfun$tryComplete$1(Promise.scala:284)
	at scala.concurrent.impl.Promise$DefaultPromise.$anonfun$tryComplete$1$adapted(Promise.scala:284)
	at scala.concurrent.impl.Promise$DefaultPromise.tryComplete(Promise.scala:284)
	at akka.pattern.PromiseActorRef.$bang(AskSupport.scala:573)
	at akka.pattern.PipeToSupport$PipeableFuture$$anonfun$pipeTo$1.applyOrElse(PipeToSupport.scala:23)
	at akka.pattern.PipeToSupport$PipeableFuture$$anonfun$pipeTo$1.applyOrElse(PipeToSupport.scala:21)
	at scala.concurrent.Future.$anonfun$andThen$1(Future.scala:532)
	at scala.concurrent.impl.Promise.liftedTree1$1(Promise.scala:29)
	at scala.concurrent.impl.Promise.$anonfun$transform$1(Promise.scala:29)
	at scala.concurrent.impl.CallbackRunnable.run(Promise.scala:60)
	at akka.dispatch.BatchingExecutor$AbstractBatch.processBatch(BatchingExecutor.scala:55)
	at akka.dispatch.BatchingExecutor$BlockableBatch.$anonfun$run$1(BatchingExecutor.scala:91)
	at scala.runtime.java8.JFunction0$mcV$sp.apply(JFunction0$mcV$sp.java:12)
	at scala.concurrent.BlockContext$.withBlockContext(BlockContext.scala:81)
	at akka.dispatch.BatchingExecutor$BlockableBatch.run(BatchingExecutor.scala:91)
	at akka.dispatch.TaskInvocation.run(AbstractDispatcher.scala:40)
	at akka.dispatch.ForkJoinExecutorConfigurator$AkkaForkJoinTask.exec(ForkJoinExecutorConfigurator.scala:44)
	at akka.dispatch.forkjoin.ForkJoinTask.doExec(ForkJoinTask.java:260)
	at akka.dispatch.forkjoin.ForkJoinPool$WorkQueue.runTask(ForkJoinPool.java:1339)
	at akka.dispatch.forkjoin.ForkJoinPool.runWorker(ForkJoinPool.java:1979)
	at akka.dispatch.forkjoin.ForkJoinWorkerThread.run(ForkJoinWorkerThread.java:107)
Caused by: org.apache.flink.runtime.messages.FlinkJobNotFoundException: Could not find Flink job (5141565ce16afb76cb4063ae6f8b2e41)
	at org.apache.flink.runtime.dispatcher.Dispatcher.requestExecutionGraphInfo(Dispatcher.java:613)
	at sun.reflect.NativeMethodAccessorImpl.invoke0(Native Method)
	at sun.reflect.NativeMethodAccessorImpl.invoke(NativeMethodAccessorImpl.java:62)
	at sun.reflect.DelegatingMethodAccessorImpl.invoke(DelegatingMethodAccessorImpl.java:43)
	at java.lang.reflect.Method.invoke(Method.java:498)
	at org.apache.flink.runtime.rpc.akka.AkkaRpcActor.handleRpcInvocation(AkkaRpcActor.java:305)
	at org.apache.flink.runtime.rpc.akka.AkkaRpcActor.handleRpcMessage(AkkaRpcActor.java:212)
	at org.apache.flink.runtime.rpc.akka.FencedAkkaRpcActor.handleRpcMessage(FencedAkkaRpcActor.java:77)
	at org.apache.flink.runtime.rpc.akka.AkkaRpcActor.handleMessage(AkkaRpcActor.java:158)
	at akka.japi.pf.UnitCaseStatement.apply(CaseStatements.scala:26)
	at akka.japi.pf.UnitCaseStatement.apply(CaseStatements.scala:21)
	at scala.PartialFunction.applyOrElse(PartialFunction.scala:123)
	at scala.PartialFunction.applyOrElse$(PartialFunction.scala:122)
	at akka.japi.pf.UnitCaseStatement.applyOrElse(CaseStatements.scala:21)
	at scala.PartialFunction$OrElse.applyOrElse(PartialFunction.scala:171)
	at scala.PartialFunction$OrElse.applyOrElse(PartialFunction.scala:172)
	at scala.PartialFunction$OrElse.applyOrElse(PartialFunction.scala:172)
	at akka.actor.Actor.aroundReceive(Actor.scala:517)
	at akka.actor.Actor.aroundReceive$(Actor.scala:515)
	at akka.actor.AbstractActor.aroundReceive(AbstractActor.scala:225)
	at akka.actor.ActorCell.receiveMessage(ActorCell.scala:592)
	at akka.actor.ActorCell.invoke(ActorCell.scala:561)
	at akka.dispatch.Mailbox.processMailbox(Mailbox.scala:258)
	at akka.dispatch.Mailbox.run(Mailbox.scala:225)
	at akka.dispatch.Mailbox.exec(Mailbox.scala:235)
	... 4 more
2021-07-22 08:56:48  [ flink-akka.actor.default-dispatcher-9:28795 ] - [ ERROR ]  
Exception occurred in REST handler.
org.apache.flink.runtime.rest.NotFoundException: Job 5141565ce16afb76cb4063ae6f8b2e41 not found
	at org.apache.flink.runtime.rest.handler.job.AbstractExecutionGraphHandler.lambda$handleRequest$1(AbstractExecutionGraphHandler.java:99)
	at java.util.concurrent.CompletableFuture.uniExceptionally(CompletableFuture.java:870)
	at java.util.concurrent.CompletableFuture$UniExceptionally.tryFire(CompletableFuture.java:852)
	at java.util.concurrent.CompletableFuture.postComplete(CompletableFuture.java:474)
	at java.util.concurrent.CompletableFuture.completeExceptionally(CompletableFuture.java:1977)
	at org.apache.flink.runtime.rest.handler.legacy.DefaultExecutionGraphCache.lambda$getExecutionGraphInternal$0(DefaultExecutionGraphCache.java:109)
	at java.util.concurrent.CompletableFuture.uniWhenComplete(CompletableFuture.java:760)
	at java.util.concurrent.CompletableFuture$UniWhenComplete.tryFire(CompletableFuture.java:736)
	at java.util.concurrent.CompletableFuture.postComplete(CompletableFuture.java:474)
	at java.util.concurrent.CompletableFuture.completeExceptionally(CompletableFuture.java:1977)
	at org.apache.flink.runtime.rpc.akka.AkkaInvocationHandler.lambda$invokeRpc$0(AkkaInvocationHandler.java:234)
	at java.util.concurrent.CompletableFuture.uniWhenComplete(CompletableFuture.java:760)
	at java.util.concurrent.CompletableFuture$UniWhenComplete.tryFire(CompletableFuture.java:736)
	at java.util.concurrent.CompletableFuture.postComplete(CompletableFuture.java:474)
	at java.util.concurrent.CompletableFuture.completeExceptionally(CompletableFuture.java:1977)
	at org.apache.flink.runtime.concurrent.FutureUtils$1.onComplete(FutureUtils.java:1079)
	at akka.dispatch.OnComplete.internal(Future.scala:263)
	at akka.dispatch.OnComplete.internal(Future.scala:261)
	at akka.dispatch.japi$CallbackBridge.apply(Future.scala:191)
	at akka.dispatch.japi$CallbackBridge.apply(Future.scala:188)
	at scala.concurrent.impl.CallbackRunnable.run(Promise.scala:60)
	at org.apache.flink.runtime.concurrent.Executors$DirectExecutionContext.execute(Executors.java:73)
	at scala.concurrent.impl.CallbackRunnable.executeWithValue(Promise.scala:68)
	at scala.concurrent.impl.Promise$DefaultPromise.$anonfun$tryComplete$1(Promise.scala:284)
	at scala.concurrent.impl.Promise$DefaultPromise.$anonfun$tryComplete$1$adapted(Promise.scala:284)
	at scala.concurrent.impl.Promise$DefaultPromise.tryComplete(Promise.scala:284)
	at akka.pattern.PromiseActorRef.$bang(AskSupport.scala:573)
	at akka.pattern.PipeToSupport$PipeableFuture$$anonfun$pipeTo$1.applyOrElse(PipeToSupport.scala:23)
	at akka.pattern.PipeToSupport$PipeableFuture$$anonfun$pipeTo$1.applyOrElse(PipeToSupport.scala:21)
	at scala.concurrent.Future.$anonfun$andThen$1(Future.scala:532)
	at scala.concurrent.impl.Promise.liftedTree1$1(Promise.scala:29)
	at scala.concurrent.impl.Promise.$anonfun$transform$1(Promise.scala:29)
	at scala.concurrent.impl.CallbackRunnable.run(Promise.scala:60)
	at akka.dispatch.BatchingExecutor$AbstractBatch.processBatch(BatchingExecutor.scala:55)
	at akka.dispatch.BatchingExecutor$BlockableBatch.$anonfun$run$1(BatchingExecutor.scala:91)
	at scala.runtime.java8.JFunction0$mcV$sp.apply(JFunction0$mcV$sp.java:12)
	at scala.concurrent.BlockContext$.withBlockContext(BlockContext.scala:81)
	at akka.dispatch.BatchingExecutor$BlockableBatch.run(BatchingExecutor.scala:91)
	at akka.dispatch.TaskInvocation.run(AbstractDispatcher.scala:40)
	at akka.dispatch.ForkJoinExecutorConfigurator$AkkaForkJoinTask.exec(ForkJoinExecutorConfigurator.scala:44)
	at akka.dispatch.forkjoin.ForkJoinTask.doExec(ForkJoinTask.java:260)
	at akka.dispatch.forkjoin.ForkJoinPool$WorkQueue.runTask(ForkJoinPool.java:1339)
	at akka.dispatch.forkjoin.ForkJoinPool.runWorker(ForkJoinPool.java:1979)
	at akka.dispatch.forkjoin.ForkJoinWorkerThread.run(ForkJoinWorkerThread.java:107)
Caused by: org.apache.flink.runtime.messages.FlinkJobNotFoundException: Could not find Flink job (5141565ce16afb76cb4063ae6f8b2e41)
	at org.apache.flink.runtime.dispatcher.Dispatcher.requestExecutionGraphInfo(Dispatcher.java:613)
	at sun.reflect.NativeMethodAccessorImpl.invoke0(Native Method)
	at sun.reflect.NativeMethodAccessorImpl.invoke(NativeMethodAccessorImpl.java:62)
	at sun.reflect.DelegatingMethodAccessorImpl.invoke(DelegatingMethodAccessorImpl.java:43)
	at java.lang.reflect.Method.invoke(Method.java:498)
	at org.apache.flink.runtime.rpc.akka.AkkaRpcActor.handleRpcInvocation(AkkaRpcActor.java:305)
	at org.apache.flink.runtime.rpc.akka.AkkaRpcActor.handleRpcMessage(AkkaRpcActor.java:212)
	at org.apache.flink.runtime.rpc.akka.FencedAkkaRpcActor.handleRpcMessage(FencedAkkaRpcActor.java:77)
	at org.apache.flink.runtime.rpc.akka.AkkaRpcActor.handleMessage(AkkaRpcActor.java:158)
	at akka.japi.pf.UnitCaseStatement.apply(CaseStatements.scala:26)
	at akka.japi.pf.UnitCaseStatement.apply(CaseStatements.scala:21)
	at scala.PartialFunction.applyOrElse(PartialFunction.scala:123)
	at scala.PartialFunction.applyOrElse$(PartialFunction.scala:122)
	at akka.japi.pf.UnitCaseStatement.applyOrElse(CaseStatements.scala:21)
	at scala.PartialFunction$OrElse.applyOrElse(PartialFunction.scala:171)
	at scala.PartialFunction$OrElse.applyOrElse(PartialFunction.scala:172)
	at scala.PartialFunction$OrElse.applyOrElse(PartialFunction.scala:172)
	at akka.actor.Actor.aroundReceive(Actor.scala:517)
	at akka.actor.Actor.aroundReceive$(Actor.scala:515)
	at akka.actor.AbstractActor.aroundReceive(AbstractActor.scala:225)
	at akka.actor.ActorCell.receiveMessage(ActorCell.scala:592)
	at akka.actor.ActorCell.invoke(ActorCell.scala:561)
	at akka.dispatch.Mailbox.processMailbox(Mailbox.scala:258)
	at akka.dispatch.Mailbox.run(Mailbox.scala:225)
	at akka.dispatch.Mailbox.exec(Mailbox.scala:235)
	... 4 more
2021-07-22 09:05:55  [ flink-akka.actor.default-dispatcher-10:24614 ] - [ ERROR ]  
Exception occurred in REST handler.
org.apache.flink.runtime.rest.NotFoundException: Job 08c23036def714ca4f01e56bd860b5f0 not found
	at org.apache.flink.runtime.rest.handler.job.AbstractExecutionGraphHandler.lambda$handleRequest$1(AbstractExecutionGraphHandler.java:99)
	at java.util.concurrent.CompletableFuture.uniExceptionally(CompletableFuture.java:870)
	at java.util.concurrent.CompletableFuture$UniExceptionally.tryFire(CompletableFuture.java:852)
	at java.util.concurrent.CompletableFuture.postComplete(CompletableFuture.java:474)
	at java.util.concurrent.CompletableFuture.completeExceptionally(CompletableFuture.java:1977)
	at org.apache.flink.runtime.rest.handler.legacy.DefaultExecutionGraphCache.lambda$getExecutionGraphInternal$0(DefaultExecutionGraphCache.java:109)
	at java.util.concurrent.CompletableFuture.uniWhenComplete(CompletableFuture.java:760)
	at java.util.concurrent.CompletableFuture$UniWhenComplete.tryFire(CompletableFuture.java:736)
	at java.util.concurrent.CompletableFuture.postComplete(CompletableFuture.java:474)
	at java.util.concurrent.CompletableFuture.completeExceptionally(CompletableFuture.java:1977)
	at org.apache.flink.runtime.rpc.akka.AkkaInvocationHandler.lambda$invokeRpc$0(AkkaInvocationHandler.java:234)
	at java.util.concurrent.CompletableFuture.uniWhenComplete(CompletableFuture.java:760)
	at java.util.concurrent.CompletableFuture$UniWhenComplete.tryFire(CompletableFuture.java:736)
	at java.util.concurrent.CompletableFuture.postComplete(CompletableFuture.java:474)
	at java.util.concurrent.CompletableFuture.completeExceptionally(CompletableFuture.java:1977)
	at org.apache.flink.runtime.concurrent.FutureUtils$1.onComplete(FutureUtils.java:1079)
	at akka.dispatch.OnComplete.internal(Future.scala:263)
	at akka.dispatch.OnComplete.internal(Future.scala:261)
	at akka.dispatch.japi$CallbackBridge.apply(Future.scala:191)
	at akka.dispatch.japi$CallbackBridge.apply(Future.scala:188)
	at scala.concurrent.impl.CallbackRunnable.run(Promise.scala:60)
	at org.apache.flink.runtime.concurrent.Executors$DirectExecutionContext.execute(Executors.java:73)
	at scala.concurrent.impl.CallbackRunnable.executeWithValue(Promise.scala:68)
	at scala.concurrent.impl.Promise$DefaultPromise.$anonfun$tryComplete$1(Promise.scala:284)
	at scala.concurrent.impl.Promise$DefaultPromise.$anonfun$tryComplete$1$adapted(Promise.scala:284)
	at scala.concurrent.impl.Promise$DefaultPromise.tryComplete(Promise.scala:284)
	at akka.pattern.PromiseActorRef.$bang(AskSupport.scala:573)
	at akka.pattern.PipeToSupport$PipeableFuture$$anonfun$pipeTo$1.applyOrElse(PipeToSupport.scala:23)
	at akka.pattern.PipeToSupport$PipeableFuture$$anonfun$pipeTo$1.applyOrElse(PipeToSupport.scala:21)
	at scala.concurrent.Future.$anonfun$andThen$1(Future.scala:532)
	at scala.concurrent.impl.Promise.liftedTree1$1(Promise.scala:29)
	at scala.concurrent.impl.Promise.$anonfun$transform$1(Promise.scala:29)
	at scala.concurrent.impl.CallbackRunnable.run(Promise.scala:60)
	at akka.dispatch.BatchingExecutor$AbstractBatch.processBatch(BatchingExecutor.scala:55)
	at akka.dispatch.BatchingExecutor$BlockableBatch.$anonfun$run$1(BatchingExecutor.scala:91)
	at scala.runtime.java8.JFunction0$mcV$sp.apply(JFunction0$mcV$sp.java:12)
	at scala.concurrent.BlockContext$.withBlockContext(BlockContext.scala:81)
	at akka.dispatch.BatchingExecutor$BlockableBatch.run(BatchingExecutor.scala:91)
	at akka.dispatch.TaskInvocation.run(AbstractDispatcher.scala:40)
	at akka.dispatch.ForkJoinExecutorConfigurator$AkkaForkJoinTask.exec(ForkJoinExecutorConfigurator.scala:44)
	at akka.dispatch.forkjoin.ForkJoinTask.doExec(ForkJoinTask.java:260)
	at akka.dispatch.forkjoin.ForkJoinPool$WorkQueue.runTask(ForkJoinPool.java:1339)
	at akka.dispatch.forkjoin.ForkJoinPool.runWorker(ForkJoinPool.java:1979)
	at akka.dispatch.forkjoin.ForkJoinWorkerThread.run(ForkJoinWorkerThread.java:107)
Caused by: org.apache.flink.runtime.messages.FlinkJobNotFoundException: Could not find Flink job (08c23036def714ca4f01e56bd860b5f0)
	at org.apache.flink.runtime.dispatcher.Dispatcher.requestExecutionGraphInfo(Dispatcher.java:613)
	at sun.reflect.NativeMethodAccessorImpl.invoke0(Native Method)
	at sun.reflect.NativeMethodAccessorImpl.invoke(NativeMethodAccessorImpl.java:62)
	at sun.reflect.DelegatingMethodAccessorImpl.invoke(DelegatingMethodAccessorImpl.java:43)
	at java.lang.reflect.Method.invoke(Method.java:498)
	at org.apache.flink.runtime.rpc.akka.AkkaRpcActor.handleRpcInvocation(AkkaRpcActor.java:305)
	at org.apache.flink.runtime.rpc.akka.AkkaRpcActor.handleRpcMessage(AkkaRpcActor.java:212)
	at org.apache.flink.runtime.rpc.akka.FencedAkkaRpcActor.handleRpcMessage(FencedAkkaRpcActor.java:77)
	at org.apache.flink.runtime.rpc.akka.AkkaRpcActor.handleMessage(AkkaRpcActor.java:158)
	at akka.japi.pf.UnitCaseStatement.apply(CaseStatements.scala:26)
	at akka.japi.pf.UnitCaseStatement.apply(CaseStatements.scala:21)
	at scala.PartialFunction.applyOrElse(PartialFunction.scala:123)
	at scala.PartialFunction.applyOrElse$(PartialFunction.scala:122)
	at akka.japi.pf.UnitCaseStatement.applyOrElse(CaseStatements.scala:21)
	at scala.PartialFunction$OrElse.applyOrElse(PartialFunction.scala:171)
	at scala.PartialFunction$OrElse.applyOrElse(PartialFunction.scala:172)
	at scala.PartialFunction$OrElse.applyOrElse(PartialFunction.scala:172)
	at akka.actor.Actor.aroundReceive(Actor.scala:517)
	at akka.actor.Actor.aroundReceive$(Actor.scala:515)
	at akka.actor.AbstractActor.aroundReceive(AbstractActor.scala:225)
	at akka.actor.ActorCell.receiveMessage(ActorCell.scala:592)
	at akka.actor.ActorCell.invoke(ActorCell.scala:561)
	at akka.dispatch.Mailbox.processMailbox(Mailbox.scala:258)
	at akka.dispatch.Mailbox.run(Mailbox.scala:225)
	at akka.dispatch.Mailbox.exec(Mailbox.scala:235)
	... 4 more
2021-07-22 09:05:55  [ flink-akka.actor.default-dispatcher-10:24671 ] - [ ERROR ]  
Exception occurred in REST handler.
org.apache.flink.runtime.rest.NotFoundException: Job 08c23036def714ca4f01e56bd860b5f0 not found
	at org.apache.flink.runtime.rest.handler.job.AbstractExecutionGraphHandler.lambda$handleRequest$1(AbstractExecutionGraphHandler.java:99)
	at java.util.concurrent.CompletableFuture.uniExceptionally(CompletableFuture.java:870)
	at java.util.concurrent.CompletableFuture$UniExceptionally.tryFire(CompletableFuture.java:852)
	at java.util.concurrent.CompletableFuture.postComplete(CompletableFuture.java:474)
	at java.util.concurrent.CompletableFuture.completeExceptionally(CompletableFuture.java:1977)
	at org.apache.flink.runtime.rest.handler.legacy.DefaultExecutionGraphCache.lambda$getExecutionGraphInternal$0(DefaultExecutionGraphCache.java:109)
	at java.util.concurrent.CompletableFuture.uniWhenComplete(CompletableFuture.java:760)
	at java.util.concurrent.CompletableFuture$UniWhenComplete.tryFire(CompletableFuture.java:736)
	at java.util.concurrent.CompletableFuture.postComplete(CompletableFuture.java:474)
	at java.util.concurrent.CompletableFuture.completeExceptionally(CompletableFuture.java:1977)
	at org.apache.flink.runtime.rpc.akka.AkkaInvocationHandler.lambda$invokeRpc$0(AkkaInvocationHandler.java:234)
	at java.util.concurrent.CompletableFuture.uniWhenComplete(CompletableFuture.java:760)
	at java.util.concurrent.CompletableFuture$UniWhenComplete.tryFire(CompletableFuture.java:736)
	at java.util.concurrent.CompletableFuture.postComplete(CompletableFuture.java:474)
	at java.util.concurrent.CompletableFuture.completeExceptionally(CompletableFuture.java:1977)
	at org.apache.flink.runtime.concurrent.FutureUtils$1.onComplete(FutureUtils.java:1079)
	at akka.dispatch.OnComplete.internal(Future.scala:263)
	at akka.dispatch.OnComplete.internal(Future.scala:261)
	at akka.dispatch.japi$CallbackBridge.apply(Future.scala:191)
	at akka.dispatch.japi$CallbackBridge.apply(Future.scala:188)
	at scala.concurrent.impl.CallbackRunnable.run(Promise.scala:60)
	at org.apache.flink.runtime.concurrent.Executors$DirectExecutionContext.execute(Executors.java:73)
	at scala.concurrent.impl.CallbackRunnable.executeWithValue(Promise.scala:68)
	at scala.concurrent.impl.Promise$DefaultPromise.$anonfun$tryComplete$1(Promise.scala:284)
	at scala.concurrent.impl.Promise$DefaultPromise.$anonfun$tryComplete$1$adapted(Promise.scala:284)
	at scala.concurrent.impl.Promise$DefaultPromise.tryComplete(Promise.scala:284)
	at akka.pattern.PromiseActorRef.$bang(AskSupport.scala:573)
	at akka.pattern.PipeToSupport$PipeableFuture$$anonfun$pipeTo$1.applyOrElse(PipeToSupport.scala:23)
	at akka.pattern.PipeToSupport$PipeableFuture$$anonfun$pipeTo$1.applyOrElse(PipeToSupport.scala:21)
	at scala.concurrent.Future.$anonfun$andThen$1(Future.scala:532)
	at scala.concurrent.impl.Promise.liftedTree1$1(Promise.scala:29)
	at scala.concurrent.impl.Promise.$anonfun$transform$1(Promise.scala:29)
	at scala.concurrent.impl.CallbackRunnable.run(Promise.scala:60)
	at akka.dispatch.BatchingExecutor$AbstractBatch.processBatch(BatchingExecutor.scala:55)
	at akka.dispatch.BatchingExecutor$BlockableBatch.$anonfun$run$1(BatchingExecutor.scala:91)
	at scala.runtime.java8.JFunction0$mcV$sp.apply(JFunction0$mcV$sp.java:12)
	at scala.concurrent.BlockContext$.withBlockContext(BlockContext.scala:81)
	at akka.dispatch.BatchingExecutor$BlockableBatch.run(BatchingExecutor.scala:91)
	at akka.dispatch.TaskInvocation.run(AbstractDispatcher.scala:40)
	at akka.dispatch.ForkJoinExecutorConfigurator$AkkaForkJoinTask.exec(ForkJoinExecutorConfigurator.scala:44)
	at akka.dispatch.forkjoin.ForkJoinTask.doExec(ForkJoinTask.java:260)
	at akka.dispatch.forkjoin.ForkJoinPool$WorkQueue.runTask(ForkJoinPool.java:1339)
	at akka.dispatch.forkjoin.ForkJoinPool.runWorker(ForkJoinPool.java:1979)
	at akka.dispatch.forkjoin.ForkJoinWorkerThread.run(ForkJoinWorkerThread.java:107)
Caused by: org.apache.flink.runtime.messages.FlinkJobNotFoundException: Could not find Flink job (08c23036def714ca4f01e56bd860b5f0)
	at org.apache.flink.runtime.dispatcher.Dispatcher.requestExecutionGraphInfo(Dispatcher.java:613)
	at sun.reflect.NativeMethodAccessorImpl.invoke0(Native Method)
	at sun.reflect.NativeMethodAccessorImpl.invoke(NativeMethodAccessorImpl.java:62)
	at sun.reflect.DelegatingMethodAccessorImpl.invoke(DelegatingMethodAccessorImpl.java:43)
	at java.lang.reflect.Method.invoke(Method.java:498)
	at org.apache.flink.runtime.rpc.akka.AkkaRpcActor.handleRpcInvocation(AkkaRpcActor.java:305)
	at org.apache.flink.runtime.rpc.akka.AkkaRpcActor.handleRpcMessage(AkkaRpcActor.java:212)
	at org.apache.flink.runtime.rpc.akka.FencedAkkaRpcActor.handleRpcMessage(FencedAkkaRpcActor.java:77)
	at org.apache.flink.runtime.rpc.akka.AkkaRpcActor.handleMessage(AkkaRpcActor.java:158)
	at akka.japi.pf.UnitCaseStatement.apply(CaseStatements.scala:26)
	at akka.japi.pf.UnitCaseStatement.apply(CaseStatements.scala:21)
	at scala.PartialFunction.applyOrElse(PartialFunction.scala:123)
	at scala.PartialFunction.applyOrElse$(PartialFunction.scala:122)
	at akka.japi.pf.UnitCaseStatement.applyOrElse(CaseStatements.scala:21)
	at scala.PartialFunction$OrElse.applyOrElse(PartialFunction.scala:171)
	at scala.PartialFunction$OrElse.applyOrElse(PartialFunction.scala:172)
	at scala.PartialFunction$OrElse.applyOrElse(PartialFunction.scala:172)
	at akka.actor.Actor.aroundReceive(Actor.scala:517)
	at akka.actor.Actor.aroundReceive$(Actor.scala:515)
	at akka.actor.AbstractActor.aroundReceive(AbstractActor.scala:225)
	at akka.actor.ActorCell.receiveMessage(ActorCell.scala:592)
	at akka.actor.ActorCell.invoke(ActorCell.scala:561)
	at akka.dispatch.Mailbox.processMailbox(Mailbox.scala:258)
	at akka.dispatch.Mailbox.run(Mailbox.scala:225)
	at akka.dispatch.Mailbox.exec(Mailbox.scala:235)
	... 4 more
